INFO:     Started server process [3084]
INFO:     Waiting for application startup.
2026-04-11 10:37:02,664 - app.main - INFO - Starting Plotra Platform...
2026-04-11 10:37:02,664 - app.main - INFO - Database: localhost:5432/sqlite
2026-04-11 10:37:02,665 - app.main - INFO - Satellite Analysis: Simulation Mode
2026-04-11 10:37:02,686 INFO sqlalchemy.engine.Engine BEGIN (implicit)
2026-04-11 10:37:02,686 - sqlalchemy.engine.Engine - INFO - BEGIN (implicit)
2026-04-11 10:37:02,686 INFO sqlalchemy.engine.Engine PRAGMA main.table_info("users")
2026-04-11 10:37:02,686 - sqlalchemy.engine.Engine - INFO - PRAGMA main.table_info("users")
2026-04-11 10:37:02,686 INFO sqlalchemy.engine.Engine [raw sql] ()
2026-04-11 10:37:02,686 - sqlalchemy.engine.Engine - INFO - [raw sql] ()
2026-04-11 10:37:02,706 INFO sqlalchemy.engine.Engine PRAGMA main.table_info("cooperatives")
2026-04-11 10:37:02,706 - sqlalchemy.engine.Engine - INFO - PRAGMA main.table_info("cooperatives")
2026-04-11 10:37:02,706 INFO sqlalchemy.engine.Engine [raw sql] ()
2026-04-11 10:37:02,706 - sqlalchemy.engine.Engine - INFO - [raw sql] ()
2026-04-11 10:37:02,710 INFO sqlalchemy.engine.Engine PRAGMA main.table_info("cooperative_members")
2026-04-11 10:37:02,710 - sqlalchemy.engine.Engine - INFO - PRAGMA main.table_info("cooperative_members")
2026-04-11 10:37:02,710 INFO sqlalchemy.engine.Engine [raw sql] ()
2026-04-11 10:37:02,710 - sqlalchemy.engine.Engine - INFO - [raw sql] ()
2026-04-11 10:37:02,716 INFO sqlalchemy.engine.Engine PRAGMA main.table_info("farms")
2026-04-11 10:37:02,716 - sqlalchemy.engine.Engine - INFO - PRAGMA main.table_info("farms")
2026-04-11 10:37:02,717 INFO sqlalchemy.engine.Engine [raw sql] ()
2026-04-11 10:37:02,717 - sqlalchemy.engine.Engine - INFO - [raw sql] ()
2026-04-11 10:37:02,719 INFO sqlalchemy.engine.Engine PRAGMA main.table_info("land_parcels")
2026-04-11 10:37:02,719 - sqlalchemy.engine.Engine - INFO - PRAGMA main.table_info("land_parcels")
2026-04-11 10:37:02,721 INFO sqlalchemy.engine.Engine [raw sql] ()
2026-04-11 10:37:02,721 - sqlalchemy.engine.Engine - INFO - [raw sql] ()
2026-04-11 10:37:02,724 INFO sqlalchemy.engine.Engine PRAGMA main.table_info("geo_polygons")
2026-04-11 10:37:02,724 - sqlalchemy.engine.Engine - INFO - PRAGMA main.table_info("geo_polygons")
2026-04-11 10:37:02,725 INFO sqlalchemy.engine.Engine [raw sql] ()
2026-04-11 10:37:02,725 - sqlalchemy.engine.Engine - INFO - [raw sql] ()
2026-04-11 10:37:02,728 INFO sqlalchemy.engine.Engine PRAGMA main.table_info("land_documents")
2026-04-11 10:37:02,728 - sqlalchemy.engine.Engine - INFO - PRAGMA main.table_info("land_documents")
2026-04-11 10:37:02,728 INFO sqlalchemy.engine.Engine [raw sql] ()
2026-04-11 10:37:02,728 - sqlalchemy.engine.Engine - INFO - [raw sql] ()
2026-04-11 10:37:02,732 INFO sqlalchemy.engine.Engine PRAGMA main.table_info("trees")
2026-04-11 10:37:02,732 - sqlalchemy.engine.Engine - INFO - PRAGMA main.table_info("trees")
2026-04-11 10:37:02,732 INFO sqlalchemy.engine.Engine [raw sql] ()
2026-04-11 10:37:02,732 - sqlalchemy.engine.Engine - INFO - [raw sql] ()
2026-04-11 10:37:02,735 INFO sqlalchemy.engine.Engine PRAGMA main.table_info("crop_types")
2026-04-11 10:37:02,735 - sqlalchemy.engine.Engine - INFO - PRAGMA main.table_info("crop_types")
2026-04-11 10:37:02,735 INFO sqlalchemy.engine.Engine [raw sql] ()
2026-04-11 10:37:02,735 - sqlalchemy.engine.Engine - INFO - [raw sql] ()
2026-04-11 10:37:02,738 INFO sqlalchemy.engine.Engine PRAGMA main.table_info("parcel_crops")
2026-04-11 10:37:02,738 - sqlalchemy.engine.Engine - INFO - PRAGMA main.table_info("parcel_crops")
2026-04-11 10:37:02,739 INFO sqlalchemy.engine.Engine [raw sql] ()
2026-04-11 10:37:02,739 - sqlalchemy.engine.Engine - INFO - [raw sql] ()
2026-04-11 10:37:02,752 INFO sqlalchemy.engine.Engine PRAGMA main.table_info("historical_analyses")
2026-04-11 10:37:02,752 - sqlalchemy.engine.Engine - INFO - PRAGMA main.table_info("historical_analyses")
2026-04-11 10:37:02,752 INFO sqlalchemy.engine.Engine [raw sql] ()
2026-04-11 10:37:02,752 - sqlalchemy.engine.Engine - INFO - [raw sql] ()
2026-04-11 10:37:02,755 INFO sqlalchemy.engine.Engine PRAGMA main.table_info("parcel_photos")
2026-04-11 10:37:02,755 - sqlalchemy.engine.Engine - INFO - PRAGMA main.table_info("parcel_photos")
2026-04-11 10:37:02,755 INFO sqlalchemy.engine.Engine [raw sql] ()
2026-04-11 10:37:02,755 - sqlalchemy.engine.Engine - INFO - [raw sql] ()
2026-04-11 10:37:02,758 INFO sqlalchemy.engine.Engine PRAGMA main.table_info("deliveries")
2026-04-11 10:37:02,758 - sqlalchemy.engine.Engine - INFO - PRAGMA main.table_info("deliveries")
2026-04-11 10:37:02,758 INFO sqlalchemy.engine.Engine [raw sql] ()
2026-04-11 10:37:02,758 - sqlalchemy.engine.Engine - INFO - [raw sql] ()
2026-04-11 10:37:02,762 INFO sqlalchemy.engine.Engine PRAGMA main.table_info("batches")
2026-04-11 10:37:02,762 - sqlalchemy.engine.Engine - INFO - PRAGMA main.table_info("batches")
2026-04-11 10:37:02,762 INFO sqlalchemy.engine.Engine [raw sql] ()
2026-04-11 10:37:02,762 - sqlalchemy.engine.Engine - INFO - [raw sql] ()
2026-04-11 10:37:02,767 INFO sqlalchemy.engine.Engine PRAGMA main.table_info("practice_logs")
2026-04-11 10:37:02,767 - sqlalchemy.engine.Engine - INFO - PRAGMA main.table_info("practice_logs")
2026-04-11 10:37:02,767 INFO sqlalchemy.engine.Engine [raw sql] ()
2026-04-11 10:37:02,767 - sqlalchemy.engine.Engine - INFO - [raw sql] ()
2026-04-11 10:37:02,772 INFO sqlalchemy.engine.Engine PRAGMA main.table_info("warehouses")
2026-04-11 10:37:02,772 - sqlalchemy.engine.Engine - INFO - PRAGMA main.table_info("warehouses")
2026-04-11 10:37:02,772 INFO sqlalchemy.engine.Engine [raw sql] ()
2026-04-11 10:37:02,772 - sqlalchemy.engine.Engine - INFO - [raw sql] ()
2026-04-11 10:37:02,776 INFO sqlalchemy.engine.Engine PRAGMA main.table_info("satellite_observations")
2026-04-11 10:37:02,776 - sqlalchemy.engine.Engine - INFO - PRAGMA main.table_info("satellite_observations")
2026-04-11 10:37:02,777 INFO sqlalchemy.engine.Engine [raw sql] ()
2026-04-11 10:37:02,777 - sqlalchemy.engine.Engine - INFO - [raw sql] ()
2026-04-11 10:37:02,783 INFO sqlalchemy.engine.Engine PRAGMA main.table_info("biomass_trends")
2026-04-11 10:37:02,783 - sqlalchemy.engine.Engine - INFO - PRAGMA main.table_info("biomass_trends")
2026-04-11 10:37:02,784 INFO sqlalchemy.engine.Engine [raw sql] ()
2026-04-11 10:37:02,784 - sqlalchemy.engine.Engine - INFO - [raw sql] ()
2026-04-11 10:37:02,786 INFO sqlalchemy.engine.Engine PRAGMA main.table_info("satellite_tasks")
2026-04-11 10:37:02,786 - sqlalchemy.engine.Engine - INFO - PRAGMA main.table_info("satellite_tasks")
2026-04-11 10:37:02,787 INFO sqlalchemy.engine.Engine [raw sql] ()
2026-04-11 10:37:02,787 - sqlalchemy.engine.Engine - INFO - [raw sql] ()
2026-04-11 10:37:02,789 INFO sqlalchemy.engine.Engine PRAGMA main.table_info("verification_records")
2026-04-11 10:37:02,789 - sqlalchemy.engine.Engine - INFO - PRAGMA main.table_info("verification_records")
2026-04-11 10:37:02,790 INFO sqlalchemy.engine.Engine [raw sql] ()
2026-04-11 10:37:02,790 - sqlalchemy.engine.Engine - INFO - [raw sql] ()
2026-04-11 10:37:02,792 INFO sqlalchemy.engine.Engine PRAGMA main.table_info("verification_history")
2026-04-11 10:37:02,792 - sqlalchemy.engine.Engine - INFO - PRAGMA main.table_info("verification_history")
2026-04-11 10:37:02,794 INFO sqlalchemy.engine.Engine [raw sql] ()
2026-04-11 10:37:02,794 - sqlalchemy.engine.Engine - INFO - [raw sql] ()
2026-04-11 10:37:02,800 INFO sqlalchemy.engine.Engine PRAGMA main.table_info("verification_rules")
2026-04-11 10:37:02,800 - sqlalchemy.engine.Engine - INFO - PRAGMA main.table_info("verification_rules")
2026-04-11 10:37:02,800 INFO sqlalchemy.engine.Engine [raw sql] ()
2026-04-11 10:37:02,800 - sqlalchemy.engine.Engine - INFO - [raw sql] ()
2026-04-11 10:37:02,803 INFO sqlalchemy.engine.Engine PRAGMA main.table_info("eudr_compliance")
2026-04-11 10:37:02,803 - sqlalchemy.engine.Engine - INFO - PRAGMA main.table_info("eudr_compliance")
2026-04-11 10:37:02,803 INFO sqlalchemy.engine.Engine [raw sql] ()
2026-04-11 10:37:02,803 - sqlalchemy.engine.Engine - INFO - [raw sql] ()
2026-04-11 10:37:02,808 INFO sqlalchemy.engine.Engine PRAGMA main.table_info("eudr_submissions")
2026-04-11 10:37:02,808 - sqlalchemy.engine.Engine - INFO - PRAGMA main.table_info("eudr_submissions")
2026-04-11 10:37:02,810 INFO sqlalchemy.engine.Engine [raw sql] ()
2026-04-11 10:37:02,810 - sqlalchemy.engine.Engine - INFO - [raw sql] ()
2026-04-11 10:37:02,813 INFO sqlalchemy.engine.Engine PRAGMA main.table_info("certificates")
2026-04-11 10:37:02,813 - sqlalchemy.engine.Engine - INFO - PRAGMA main.table_info("certificates")
2026-04-11 10:37:02,814 INFO sqlalchemy.engine.Engine [raw sql] ()
2026-04-11 10:37:02,814 - sqlalchemy.engine.Engine - INFO - [raw sql] ()
2026-04-11 10:37:02,816 INFO sqlalchemy.engine.Engine PRAGMA main.table_info("digital_product_passports")
2026-04-11 10:37:02,816 - sqlalchemy.engine.Engine - INFO - PRAGMA main.table_info("digital_product_passports")
2026-04-11 10:37:02,816 INFO sqlalchemy.engine.Engine [raw sql] ()
2026-04-11 10:37:02,816 - sqlalchemy.engine.Engine - INFO - [raw sql] ()
2026-04-11 10:37:02,820 INFO sqlalchemy.engine.Engine PRAGMA main.table_info("eudr_webhook_logs")
2026-04-11 10:37:02,820 - sqlalchemy.engine.Engine - INFO - PRAGMA main.table_info("eudr_webhook_logs")
2026-04-11 10:37:02,820 INFO sqlalchemy.engine.Engine [raw sql] ()
2026-04-11 10:37:02,820 - sqlalchemy.engine.Engine - INFO - [raw sql] ()
2026-04-11 10:37:02,825 INFO sqlalchemy.engine.Engine PRAGMA main.table_info("payment_escrows")
2026-04-11 10:37:02,825 - sqlalchemy.engine.Engine - INFO - PRAGMA main.table_info("payment_escrows")
2026-04-11 10:37:02,825 INFO sqlalchemy.engine.Engine [raw sql] ()
2026-04-11 10:37:02,825 - sqlalchemy.engine.Engine - INFO - [raw sql] ()
2026-04-11 10:37:02,829 INFO sqlalchemy.engine.Engine PRAGMA main.table_info("incentive_rules")
2026-04-11 10:37:02,829 - sqlalchemy.engine.Engine - INFO - PRAGMA main.table_info("incentive_rules")
2026-04-11 10:37:02,829 INFO sqlalchemy.engine.Engine [raw sql] ()
2026-04-11 10:37:02,829 - sqlalchemy.engine.Engine - INFO - [raw sql] ()
2026-04-11 10:37:02,833 INFO sqlalchemy.engine.Engine PRAGMA main.table_info("payout_triggers")
2026-04-11 10:37:02,833 - sqlalchemy.engine.Engine - INFO - PRAGMA main.table_info("payout_triggers")
2026-04-11 10:37:02,833 INFO sqlalchemy.engine.Engine [raw sql] ()
2026-04-11 10:37:02,833 - sqlalchemy.engine.Engine - INFO - [raw sql] ()
2026-04-11 10:37:02,836 INFO sqlalchemy.engine.Engine PRAGMA main.table_info("digital_signatures")
2026-04-11 10:37:02,836 - sqlalchemy.engine.Engine - INFO - PRAGMA main.table_info("digital_signatures")
2026-04-11 10:37:02,836 INFO sqlalchemy.engine.Engine [raw sql] ()
2026-04-11 10:37:02,836 - sqlalchemy.engine.Engine - INFO - [raw sql] ()
2026-04-11 10:37:02,842 INFO sqlalchemy.engine.Engine PRAGMA main.table_info("transition_events")
2026-04-11 10:37:02,842 - sqlalchemy.engine.Engine - INFO - PRAGMA main.table_info("transition_events")
2026-04-11 10:37:02,843 INFO sqlalchemy.engine.Engine [raw sql] ()
2026-04-11 10:37:02,843 - sqlalchemy.engine.Engine - INFO - [raw sql] ()
2026-04-11 10:37:02,848 INFO sqlalchemy.engine.Engine PRAGMA main.table_info("biomass_ledgers")
2026-04-11 10:37:02,848 - sqlalchemy.engine.Engine - INFO - PRAGMA main.table_info("biomass_ledgers")
2026-04-11 10:37:02,849 INFO sqlalchemy.engine.Engine [raw sql] ()
2026-04-11 10:37:02,849 - sqlalchemy.engine.Engine - INFO - [raw sql] ()
2026-04-11 10:37:02,852 INFO sqlalchemy.engine.Engine PRAGMA main.table_info("incentive_claims")
2026-04-11 10:37:02,852 - sqlalchemy.engine.Engine - INFO - PRAGMA main.table_info("incentive_claims")
2026-04-11 10:37:02,853 INFO sqlalchemy.engine.Engine [raw sql] ()
2026-04-11 10:37:02,853 - sqlalchemy.engine.Engine - INFO - [raw sql] ()
2026-04-11 10:37:02,856 INFO sqlalchemy.engine.Engine PRAGMA main.table_info("impact_claims")
2026-04-11 10:37:02,856 - sqlalchemy.engine.Engine - INFO - PRAGMA main.table_info("impact_claims")
2026-04-11 10:37:02,856 INFO sqlalchemy.engine.Engine [raw sql] ()
2026-04-11 10:37:02,856 - sqlalchemy.engine.Engine - INFO - [raw sql] ()
2026-04-11 10:37:02,858 INFO sqlalchemy.engine.Engine PRAGMA main.table_info("carbon_projects")
2026-04-11 10:37:02,858 - sqlalchemy.engine.Engine - INFO - PRAGMA main.table_info("carbon_projects")
2026-04-11 10:37:02,860 INFO sqlalchemy.engine.Engine [raw sql] ()
2026-04-11 10:37:02,860 - sqlalchemy.engine.Engine - INFO - [raw sql] ()
2026-04-11 10:37:02,863 INFO sqlalchemy.engine.Engine PRAGMA main.table_info("carbon_tokens")
2026-04-11 10:37:02,863 - sqlalchemy.engine.Engine - INFO - PRAGMA main.table_info("carbon_tokens")
2026-04-11 10:37:02,863 INFO sqlalchemy.engine.Engine [raw sql] ()
2026-04-11 10:37:02,863 - sqlalchemy.engine.Engine - INFO - [raw sql] ()
2026-04-11 10:37:02,866 INFO sqlalchemy.engine.Engine PRAGMA main.table_info("system_config")
2026-04-11 10:37:02,866 - sqlalchemy.engine.Engine - INFO - PRAGMA main.table_info("system_config")
2026-04-11 10:37:02,866 INFO sqlalchemy.engine.Engine [raw sql] ()
2026-04-11 10:37:02,866 - sqlalchemy.engine.Engine - INFO - [raw sql] ()
2026-04-11 10:37:02,868 INFO sqlalchemy.engine.Engine PRAGMA main.table_info("required_documents")
2026-04-11 10:37:02,868 - sqlalchemy.engine.Engine - INFO - PRAGMA main.table_info("required_documents")
2026-04-11 10:37:02,869 INFO sqlalchemy.engine.Engine [raw sql] ()
2026-04-11 10:37:02,869 - sqlalchemy.engine.Engine - INFO - [raw sql] ()
2026-04-11 10:37:02,883 INFO sqlalchemy.engine.Engine COMMIT
2026-04-11 10:37:02,883 - sqlalchemy.engine.Engine - INFO - COMMIT
2026-04-11 10:37:02,887 - app.main - INFO - Database initialized
INFO:     Application startup complete.
INFO:     Uvicorn running on http://0.0.0.0:8000 (Press CTRL+C to quit)
[SMS DEV MODE] Would send to +254700000001: Your Plotra verification code is: 264614. This code expires in 5 minutes.
INFO:     127.0.0.1:59982 - "POST /api/v2/auth/otp/send HTTP/1.1" 200 OK
2026-04-11 11:03:44,732 INFO sqlalchemy.engine.Engine BEGIN (implicit)
2026-04-11 11:03:44,732 - sqlalchemy.engine.Engine - INFO - BEGIN (implicit)
2026-04-11 11:03:44,769 INFO sqlalchemy.engine.Engine SELECT count(*) AS count_1 
FROM cooperatives
2026-04-11 11:03:44,769 - sqlalchemy.engine.Engine - INFO - SELECT count(*) AS count_1 
FROM cooperatives
2026-04-11 11:03:44,769 INFO sqlalchemy.engine.Engine [generated in 0.00403s] ()
2026-04-11 11:03:44,769 - sqlalchemy.engine.Engine - INFO - [generated in 0.00403s] ()
2026-04-11 11:03:44,831 INFO sqlalchemy.engine.Engine SELECT count(*) AS count_1 
FROM farms 
WHERE farms.deleted_at IS NULL
2026-04-11 11:03:44,831 - sqlalchemy.engine.Engine - INFO - SELECT count(*) AS count_1 
FROM farms 
WHERE farms.deleted_at IS NULL
2026-04-11 11:03:44,831 INFO sqlalchemy.engine.Engine [generated in 0.00104s] ()
2026-04-11 11:03:44,831 - sqlalchemy.engine.Engine - INFO - [generated in 0.00104s] ()
2026-04-11 11:03:44,846 INFO sqlalchemy.engine.Engine SELECT count(*) AS count_1 
FROM users 
WHERE users.role = ? AND users.status = ?
2026-04-11 11:03:44,846 - sqlalchemy.engine.Engine - INFO - SELECT count(*) AS count_1 
FROM users 
WHERE users.role = ? AND users.status = ?
2026-04-11 11:03:44,846 INFO sqlalchemy.engine.Engine [generated in 0.00067s] ('farmer', 'active')
2026-04-11 11:03:44,846 - sqlalchemy.engine.Engine - INFO - [generated in 0.00067s] ('farmer', 'active')
2026-04-11 11:03:44,853 INFO sqlalchemy.engine.Engine SELECT count(*) AS count_1 
FROM farms 
WHERE farms.compliance_status = ? AND farms.deleted_at IS NULL
2026-04-11 11:03:44,853 - sqlalchemy.engine.Engine - INFO - SELECT count(*) AS count_1 
FROM farms 
WHERE farms.compliance_status = ? AND farms.deleted_at IS NULL
2026-04-11 11:03:44,853 INFO sqlalchemy.engine.Engine [generated in 0.00041s] ('Compliant',)
2026-04-11 11:03:44,853 - sqlalchemy.engine.Engine - INFO - [generated in 0.00041s] ('Compliant',)
INFO:     127.0.0.1:62574 - "GET /api/v2/admin/public-stats HTTP/1.1" 200 OK
2026-04-11 11:03:44,858 INFO sqlalchemy.engine.Engine COMMIT
2026-04-11 11:03:44,858 - sqlalchemy.engine.Engine - INFO - COMMIT
